20:06:26 INFO  : Launching XSCT server: xsct.bat -n  -interactive C:\Xilinx_projects\dmaExample\vitis\temp_xsdb_launch_script.tcl
20:06:26 INFO  : Platform repository initialization has completed.
20:06:26 INFO  : Registering command handlers for Vitis TCF services
20:06:28 INFO  : XSCT server has started successfully.
20:06:28 INFO  : plnx-install-location is set to ''
20:06:28 INFO  : Successfully done setting XSCT server connection channel  
20:06:28 INFO  : Successfully done query RDI_DATADIR 
20:06:28 INFO  : Successfully done setting workspace for the tool. 
20:08:04 INFO  : Result from executing command 'getProjects': dmaEx_pfmPrj
20:08:04 INFO  : Result from executing command 'getPlatforms': 
20:08:37 INFO  : Result from executing command 'getProjects': dmaEx_pfmPrj
20:08:37 INFO  : Result from executing command 'getPlatforms': dmaEx_pfmPrj|C:/Xilinx_projects/dmaExample/vitis/dmaEx_pfmPrj/export/dmaEx_pfmPrj/dmaEx_pfmPrj.xpfm
20:16:51 INFO  : Checking for BSP changes to sync application flags for project 'dmaSimpleInterrupt'...
20:17:37 INFO  : Connected to target on host '127.0.0.1' and port '3121'.
20:17:38 INFO  : Jtag cable 'Digilent Zed 210248AA59A3' is selected.
20:17:38 INFO  : 'jtag frequency' command is executed.
20:17:39 INFO  : Context for 'APU' is selected.
20:17:39 INFO  : System reset is completed.
20:17:42 INFO  : 'after 3000' command is executed.
20:17:42 INFO  : 'targets -set -filter {jtag_cable_name =~ "Digilent Zed 210248AA59A3" && level==0 && jtag_device_ctx=="jsn-Zed-210248AA59A3-23727093-0"}' command is executed.
20:17:44 INFO  : Device configured successfully with "C:/Xilinx_projects/dmaExample/vitis/dmaSimpleInterrupt/_ide/bitstream/design_1_wrapper.bit"
20:17:45 INFO  : Context for 'APU' is selected.
20:17:45 INFO  : Hardware design and registers information is loaded from 'C:/Xilinx_projects/dmaExample/vitis/dmaEx_pfmPrj/export/dmaEx_pfmPrj/hw/design_1_wrapper.xsa'.
20:17:45 INFO  : 'configparams force-mem-access 1' command is executed.
20:17:45 INFO  : Context for 'APU' is selected.
20:17:45 INFO  : Sourcing of 'C:/Xilinx_projects/dmaExample/vitis/dmaSimpleInterrupt/_ide/psinit/ps7_init.tcl' is done.
20:17:48 INFO  : 'ps7_init' command is executed.
20:17:48 INFO  : 'ps7_post_config' command is executed.
20:17:48 INFO  : Context for processor 'ps7_cortexa9_0' is selected.
20:17:49 INFO  : The application 'C:/Xilinx_projects/dmaExample/vitis/dmaSimpleInterrupt/Debug/dmaSimpleInterrupt.elf' is downloaded to processor 'ps7_cortexa9_0'.
20:17:49 INFO  : 'configparams force-mem-access 0' command is executed.
20:17:49 INFO  : ----------------XSDB Script----------------
connect -url tcp:127.0.0.1:3121
targets -set -nocase -filter {name =~"APU*"}
rst -system
after 3000
targets -set -filter {jtag_cable_name =~ "Digilent Zed 210248AA59A3" && level==0 && jtag_device_ctx=="jsn-Zed-210248AA59A3-23727093-0"}
fpga -file C:/Xilinx_projects/dmaExample/vitis/dmaSimpleInterrupt/_ide/bitstream/design_1_wrapper.bit
targets -set -nocase -filter {name =~"APU*"}
loadhw -hw C:/Xilinx_projects/dmaExample/vitis/dmaEx_pfmPrj/export/dmaEx_pfmPrj/hw/design_1_wrapper.xsa -mem-ranges [list {0x40000000 0xbfffffff}] -regs
configparams force-mem-access 1
targets -set -nocase -filter {name =~"APU*"}
source C:/Xilinx_projects/dmaExample/vitis/dmaSimpleInterrupt/_ide/psinit/ps7_init.tcl
ps7_init
ps7_post_config
targets -set -nocase -filter {name =~ "*A9*#0"}
dow C:/Xilinx_projects/dmaExample/vitis/dmaSimpleInterrupt/Debug/dmaSimpleInterrupt.elf
configparams force-mem-access 0
----------------End of Script----------------

20:17:50 INFO  : Context for processor 'ps7_cortexa9_0' is selected.
20:17:50 INFO  : 'con' command is executed.
20:17:50 INFO  : ----------------XSDB Script (After Launch)----------------
targets -set -nocase -filter {name =~ "*A9*#0"}
con
----------------End of Script----------------

20:17:50 INFO  : Launch script is exported to file 'C:\Xilinx_projects\dmaExample\vitis\dmaSimpleInterrupt_system\_ide\scripts\debugger_dmasimpleinterrupt-default.tcl'
20:25:41 INFO  : Checking for BSP changes to sync application flags for project 'dmaSimplePoll'...
20:32:43 INFO  : Disconnected from the channel tcfchan#2.
20:34:17 INFO  : Checking for BSP changes to sync application flags for project 'dmaSimplePoll'...
20:34:36 INFO  : Connected to target on host '127.0.0.1' and port '3121'.
20:34:37 INFO  : Jtag cable 'Digilent Zed 210248AA59A3' is selected.
20:34:37 INFO  : 'jtag frequency' command is executed.
20:34:37 INFO  : Context for 'APU' is selected.
20:34:37 INFO  : System reset is completed.
20:34:40 INFO  : 'after 3000' command is executed.
20:34:40 INFO  : 'targets -set -filter {jtag_cable_name =~ "Digilent Zed 210248AA59A3" && level==0 && jtag_device_ctx=="jsn-Zed-210248AA59A3-23727093-0"}' command is executed.
20:34:43 INFO  : Device configured successfully with "C:/Xilinx_projects/dmaExample/vitis/dmaSimplePoll/_ide/bitstream/design_1_wrapper.bit"
20:34:43 INFO  : Context for 'APU' is selected.
20:34:43 INFO  : Hardware design and registers information is loaded from 'C:/Xilinx_projects/dmaExample/vitis/dmaEx_pfmPrj/export/dmaEx_pfmPrj/hw/design_1_wrapper.xsa'.
20:34:43 INFO  : 'configparams force-mem-access 1' command is executed.
20:34:43 INFO  : Context for 'APU' is selected.
20:34:43 INFO  : Sourcing of 'C:/Xilinx_projects/dmaExample/vitis/dmaSimplePoll/_ide/psinit/ps7_init.tcl' is done.
20:34:46 INFO  : 'ps7_init' command is executed.
20:34:47 INFO  : 'ps7_post_config' command is executed.
20:34:47 INFO  : Context for processor 'ps7_cortexa9_0' is selected.
20:34:48 INFO  : The application 'C:/Xilinx_projects/dmaExample/vitis/dmaSimplePoll/Debug/dmaSimplePoll.elf' is downloaded to processor 'ps7_cortexa9_0'.
20:34:48 INFO  : 'configparams force-mem-access 0' command is executed.
20:34:48 INFO  : ----------------XSDB Script----------------
connect -url tcp:127.0.0.1:3121
targets -set -nocase -filter {name =~"APU*"}
rst -system
after 3000
targets -set -filter {jtag_cable_name =~ "Digilent Zed 210248AA59A3" && level==0 && jtag_device_ctx=="jsn-Zed-210248AA59A3-23727093-0"}
fpga -file C:/Xilinx_projects/dmaExample/vitis/dmaSimplePoll/_ide/bitstream/design_1_wrapper.bit
targets -set -nocase -filter {name =~"APU*"}
loadhw -hw C:/Xilinx_projects/dmaExample/vitis/dmaEx_pfmPrj/export/dmaEx_pfmPrj/hw/design_1_wrapper.xsa -mem-ranges [list {0x40000000 0xbfffffff}] -regs
configparams force-mem-access 1
targets -set -nocase -filter {name =~"APU*"}
source C:/Xilinx_projects/dmaExample/vitis/dmaSimplePoll/_ide/psinit/ps7_init.tcl
ps7_init
ps7_post_config
targets -set -nocase -filter {name =~ "*A9*#0"}
dow C:/Xilinx_projects/dmaExample/vitis/dmaSimplePoll/Debug/dmaSimplePoll.elf
configparams force-mem-access 0
----------------End of Script----------------

20:34:48 INFO  : Context for processor 'ps7_cortexa9_0' is selected.
20:34:48 INFO  : 'con' command is executed.
20:34:48 INFO  : ----------------XSDB Script (After Launch)----------------
targets -set -nocase -filter {name =~ "*A9*#0"}
con
----------------End of Script----------------

20:34:49 INFO  : Launch script is exported to file 'C:\Xilinx_projects\dmaExample\vitis\dmaSimplePoll_system\_ide\scripts\debugger_dmasimplepoll-default.tcl'
20:35:31 INFO  : Disconnected from the channel tcfchan#5.
